2023-11-15 13:23:55,630 [INFO] Activator:176 - 


2023-11-15 13:23:55,640 [INFO] Activator:177 - !SESSION log4j initialized
2023-11-15 13:24:04,709 [INFO] LogOutputStream:77 - [STDOUT_REDIRECT] 
2023-11-15 13:24:07,302 [INFO] ApplicationProperties:184 - Using Application install path: C:\ST\STM32CubeIDE_1.13.2\STM32CubeIDE\plugins\com.st.stm32cube.common.mx_6.9.2.202309101412
2023-11-15 13:24:07,331 [INFO] DbMcusXml:78 - Set database path to: C:\ST\STM32CubeIDE_1.13.2\STM32CubeIDE\plugins\com.st.stm32cube.common.mx_6.9.2.202309101412\\db\/mcu/
2023-11-15 13:24:07,332 [INFO] ApiDb:274 - Set plugin database path to: C:\ST\STM32CubeIDE_1.13.2\STM32CubeIDE\plugins\com.st.stm32cube.common.mx_6.9.2.202309101412\\db\/plugins/boardmanager/
2023-11-15 13:24:07,333 [WARN] ApiDb:259 - Overriding images path with different value:  => C:\ST\STM32CubeIDE_1.13.2\STM32CubeIDE\plugins\com.st.stm32cube.common.mx_6.9.2.202309101412\\db\/plugins/mcufinder/images/
2023-11-15 13:24:07,353 [INFO] ApiDb:250 - Set database path to: C:\Users\augus\.stmcufinder\plugins\mcufinder//mcu/
2023-11-15 13:24:07,356 [INFO] DbMcusAds:125 - Set database path to: C:\Users\augus\.stmcufinder\plugins\mcufinder//mcu/
2023-11-15 13:24:07,360 [INFO] CrossReferenceDbSqlite:203 - Set database path to: C:\Users\augus\.stmcufinder\plugins\mcufinder//mcu/cs/
2023-11-15 13:24:07,534 [INFO] RulesReader:64 - Compatibility file has been processed (293 Rules)
2023-11-15 13:24:07,653 [INFO] DbMcusXml:78 - Set database path to: C:\ST\STM32CubeIDE_1.13.2\STM32CubeIDE\plugins\com.st.stm32cube.common.mx_6.9.2.202309101412\\db\/mcu/
2023-11-15 13:24:07,653 [INFO] ApiDb:274 - Set plugin database path to: C:\ST\STM32CubeIDE_1.13.2\STM32CubeIDE\plugins\com.st.stm32cube.common.mx_6.9.2.202309101412\\db\/plugins/boardmanager/
2023-11-15 13:24:07,654 [INFO] ApiDb:261 - Set plugin images path to: C:\ST\STM32CubeIDE_1.13.2\STM32CubeIDE\plugins\com.st.stm32cube.common.mx_6.9.2.202309101412\\db\/plugins/mcufinder/images/
2023-11-15 13:24:07,654 [WARN] DbFile:41 - Overriding database path with different value: C:\Users\augus\.stmcufinder\plugins\mcufinder/ => C:\Users\augus\.stmcufinder\plugins\mcufinder
2023-11-15 13:24:07,654 [INFO] ApiDb:250 - Set database path to: C:\Users\augus\.stmcufinder\plugins\mcufinder//mcu/
2023-11-15 13:24:07,655 [WARN] DbFile:41 - Overriding database path with different value: C:\Users\augus\.stmcufinder\plugins\mcufinder/ => C:\Users\augus\.stmcufinder\plugins\mcufinder
2023-11-15 13:24:07,655 [INFO] DbMcusAds:125 - Set database path to: C:\Users\augus\.stmcufinder\plugins\mcufinder//mcu/
2023-11-15 13:24:07,655 [WARN] DbFile:41 - Overriding database path with different value: C:\Users\augus\.stmcufinder\plugins\mcufinder/ => C:\Users\augus\.stmcufinder\plugins\mcufinder
2023-11-15 13:24:07,655 [WARN] DbFile:41 - Overriding database path with different value: C:\Users\augus\.stmcufinder\plugins\mcufinder/ => C:\Users\augus\.stmcufinder\plugins\mcufinder
2023-11-15 13:24:07,655 [INFO] CrossReferenceDbSqlite:203 - Set database path to: C:\Users\augus\.stmcufinder\plugins\mcufinder//mcu/cs/
2023-11-15 13:24:07,772 [INFO] MainPanel:262 - HeapMemory: 268435456
2023-11-15 13:24:07,898 [INFO] DbMcusXml:78 - Set database path to: C:\ST\STM32CubeIDE_1.13.2\STM32CubeIDE\plugins\com.st.stm32cube.common.mx_6.9.2.202309101412\\db\/mcu/
2023-11-15 13:24:07,898 [INFO] ApiDb:274 - Set plugin database path to: C:\ST\STM32CubeIDE_1.13.2\STM32CubeIDE\plugins\com.st.stm32cube.common.mx_6.9.2.202309101412\\db\/plugins/boardmanager/
2023-11-15 13:24:07,898 [INFO] ApiDb:261 - Set plugin images path to: C:\ST\STM32CubeIDE_1.13.2\STM32CubeIDE\plugins\com.st.stm32cube.common.mx_6.9.2.202309101412\\db\/plugins/mcufinder/images/
2023-11-15 13:24:07,899 [WARN] DbFile:41 - Overriding database path with different value: C:\Users\augus\.stmcufinder\plugins\mcufinder/ => C:\Users\augus\.stmcufinder\plugins\mcufinder
2023-11-15 13:24:07,899 [INFO] ApiDb:250 - Set database path to: C:\Users\augus\.stmcufinder\plugins\mcufinder//mcu/
2023-11-15 13:24:07,899 [WARN] DbFile:41 - Overriding database path with different value: C:\Users\augus\.stmcufinder\plugins\mcufinder/ => C:\Users\augus\.stmcufinder\plugins\mcufinder
2023-11-15 13:24:07,899 [INFO] DbMcusAds:125 - Set database path to: C:\Users\augus\.stmcufinder\plugins\mcufinder//mcu/
2023-11-15 13:24:07,899 [WARN] DbFile:41 - Overriding database path with different value: C:\Users\augus\.stmcufinder\plugins\mcufinder/ => C:\Users\augus\.stmcufinder\plugins\mcufinder
2023-11-15 13:24:07,899 [WARN] DbFile:41 - Overriding database path with different value: C:\Users\augus\.stmcufinder\plugins\mcufinder/ => C:\Users\augus\.stmcufinder\plugins\mcufinder
2023-11-15 13:24:07,900 [INFO] CrossReferenceDbSqlite:203 - Set database path to: C:\Users\augus\.stmcufinder\plugins\mcufinder//mcu/cs/
2023-11-15 13:24:07,926 [INFO] ApplicationProperties:184 - Using Application install path: C:\ST\STM32CubeIDE_1.13.2\STM32CubeIDE\plugins\com.st.stm32cube.common.mx_6.9.2.202309101412
2023-11-15 13:24:07,928 [INFO] PluginManage:196 - Search for loadable plugins [exclusion list=, ]
2023-11-15 13:24:07,930 [INFO] PluginManage:310 - Check plugin analytics
2023-11-15 13:24:08,194 [INFO] AnalyticsPlugin:253 - Accepted Software Licenses: 
2023-11-15 13:24:08,195 [INFO] AnalyticsPlugin:255 - Accepted CMSIS Pack Licenses: 
2023-11-15 13:24:08,195 [INFO] AnalyticsPlugin:257 - Accepted Firmware Licenses: FW.F4.1.27.0
2023-11-15 13:24:08,199 [INFO] PluginManage:359 - Loaded plugin analytics (category:tool,tabindex:-1)
2023-11-15 13:24:08,200 [INFO] PluginManage:310 - Check plugin cadmodel
2023-11-15 13:24:08,219 [INFO] CADModel:105 - Init CAD model plugin
2023-11-15 13:24:08,219 [INFO] PluginManage:359 - Loaded plugin cadmodel (category:power,tabindex:5)
2023-11-15 13:24:08,219 [INFO] PluginManage:310 - Check plugin clock
2023-11-15 13:24:08,243 [INFO] PluginManage:359 - Loaded plugin clock (category:base,tabindex:2)
2023-11-15 13:24:08,243 [INFO] PluginManage:310 - Check plugin ddr
2023-11-15 13:24:08,246 [INFO] PluginManage:359 - Loaded plugin ddr (category:tool,tabindex:6)
2023-11-15 13:24:08,247 [INFO] PluginManage:310 - Check plugin filemanager
2023-11-15 13:24:08,428 [INFO] PluginManage:359 - Loaded plugin filemanager (category:base,tabindex:10)
2023-11-15 13:24:08,428 [INFO] PluginManage:310 - Check plugin ipmanager
2023-11-15 13:24:08,437 [INFO] PluginManage:359 - Loaded plugin ipmanager (category:base,tabindex:5)
2023-11-15 13:24:08,437 [INFO] PluginManage:310 - Check plugin lpbam
2023-11-15 13:24:08,460 [INFO] PluginManage:359 - Loaded plugin lpbam (category:base,tabindex:0)
2023-11-15 13:24:08,460 [INFO] PluginManage:310 - Check plugin memorymap
2023-11-15 13:24:08,495 [INFO] PluginManage:359 - Loaded plugin memorymap (category:base,tabindex:4)
2023-11-15 13:24:08,495 [INFO] PluginManage:310 - Check plugin pinoutandconfiguration
2023-11-15 13:24:08,520 [INFO] PluginManage:359 - Loaded plugin pinoutandconfiguration (category:base,tabindex:1)
2023-11-15 13:24:08,520 [INFO] PluginManage:310 - Check plugin pinoutconfig
2023-11-15 13:24:08,674 [WARN] SupportedApi:132 - Cannot load RTOS API schema: s4s-elt-must-match.1: The content of 'definitions' must match (annotation?, (simpleType | complexType)?, (unique | key | keyref)*)). A problem was found starting at: attribute.
2023-11-15 13:24:08,897 [INFO] PluginManage:359 - Loaded plugin pinoutconfig (category:base,tabindex:0)
2023-11-15 13:24:08,897 [INFO] PluginManage:310 - Check plugin power
2023-11-15 13:24:08,922 [INFO] PluginManage:359 - Loaded plugin power (category:power,tabindex:4)
2023-11-15 13:24:08,922 [INFO] PluginManage:310 - Check plugin projectmanager
2023-11-15 13:24:08,944 [INFO] PluginManage:359 - Loaded plugin projectmanager (category:projectmanager,tabindex:3)
2023-11-15 13:24:08,944 [INFO] PluginManage:310 - Check plugin thirdparty
2023-11-15 13:24:09,354 [INFO] PluginManage:359 - Loaded plugin thirdparty (category:base,tabindex:-1)
2023-11-15 13:24:09,353 [WARN] IntegrityCheckThread:84 - waiting for thirdparty lock release [integrity check]
2023-11-15 13:24:09,354 [INFO] PluginManage:310 - Check plugin tools
2023-11-15 13:24:09,354 [INFO] IntegrityCheckThread:86 - entering critical section [integrity check]
2023-11-15 13:24:09,355 [INFO] ThirdPartyUpdaterWithRetryManager:70 - Updater plugin not ready yet. [1/15]
2023-11-15 13:24:09,405 [INFO] PluginManage:359 - Loaded plugin tools (category:base,tabindex:7)
2023-11-15 13:24:09,405 [INFO] PluginManage:310 - Check plugin tutovideos
2023-11-15 13:24:09,674 [INFO] PluginManage:359 - Loaded plugin tutovideos (category:base,tabindex:-1)
2023-11-15 13:24:09,675 [INFO] PluginManage:310 - Check plugin updater
2023-11-15 13:24:09,690 [INFO] PluginManage:359 - Loaded plugin updater (category:base,tabindex:12)
2023-11-15 13:24:09,690 [INFO] PluginManage:310 - Check plugin userauth
2023-11-15 13:24:09,698 [INFO] UserAuth:113 - Init User Auth plugin
2023-11-15 13:24:09,698 [INFO] PluginManage:359 - Loaded plugin userauth (category:base,tabindex:14)
2023-11-15 13:24:09,698 [INFO] PluginManage:283 - PluginManage : Loaded plugins [17]
2023-11-15 13:24:10,012 [INFO] PinOutPanel:1499 - setPackage(No Configuration,No Configuration)
2023-11-15 13:24:10,182 [INFO] CADModel:165 - CPN selected for project level
2023-11-15 13:24:10,183 [INFO] CADModel:114 - Register for checkConnection events
2023-11-15 13:24:10,218 [INFO] IPUIPlugin:80 - create IPUIPlugin
2023-11-15 13:24:10,218 [INFO] PluginManager:220 - loadIPPluginJar : add adc
2023-11-15 13:24:10,264 [INFO] IPUIPlugin:80 - create IPUIPlugin
2023-11-15 13:24:10,264 [INFO] PluginManager:220 - loadIPPluginJar : add aes
2023-11-15 13:24:10,319 [INFO] IPUIPlugin:80 - create IPUIPlugin
2023-11-15 13:24:10,319 [INFO] PluginManager:220 - loadIPPluginJar : add can
2023-11-15 13:24:10,362 [INFO] IPUIPlugin:80 - create IPUIPlugin
2023-11-15 13:24:10,362 [INFO] PluginManager:220 - loadIPPluginJar : add comp
2023-11-15 13:24:10,406 [INFO] IPUIPlugin:80 - create IPUIPlugin
2023-11-15 13:24:10,406 [INFO] PluginManager:220 - loadIPPluginJar : add cryp
2023-11-15 13:24:10,443 [INFO] IPUIPlugin:80 - create IPUIPlugin
2023-11-15 13:24:10,443 [INFO] PluginManager:220 - loadIPPluginJar : add dfsdm
2023-11-15 13:24:10,460 [INFO] IPUIPlugin:80 - create IPUIPlugin
2023-11-15 13:24:10,461 [INFO] PluginManager:220 - loadIPPluginJar : add dma
2023-11-15 13:24:10,514 [INFO] IPUIPlugin:80 - create IPUIPlugin
2023-11-15 13:24:10,514 [INFO] PluginManager:220 - loadIPPluginJar : add dma3
2023-11-15 13:24:10,538 [INFO] IPUIPlugin:80 - create IPUIPlugin
2023-11-15 13:24:10,539 [INFO] PluginManager:220 - loadIPPluginJar : add fatfs
2023-11-15 13:24:10,596 [INFO] IPUIPlugin:80 - create IPUIPlugin
2023-11-15 13:24:10,596 [INFO] PluginManager:220 - loadIPPluginJar : add fmc
2023-11-15 13:24:10,613 [INFO] IPUIPlugin:80 - create IPUIPlugin
2023-11-15 13:24:10,613 [INFO] PluginManager:220 - loadIPPluginJar : add freertos
2023-11-15 13:24:10,638 [INFO] IPUIPlugin:80 - create IPUIPlugin
2023-11-15 13:24:10,638 [INFO] PluginManager:220 - loadIPPluginJar : add genericplugin
2023-11-15 13:24:10,749 [INFO] IPUIPlugin:80 - create IPUIPlugin
2023-11-15 13:24:10,749 [INFO] PluginManager:220 - loadIPPluginJar : add gfxmmu
2023-11-15 13:24:10,909 [INFO] IPUIPlugin:80 - create IPUIPlugin
2023-11-15 13:24:10,910 [INFO] PluginManager:220 - loadIPPluginJar : add gic
2023-11-15 13:24:10,925 [INFO] IPUIPlugin:80 - create IPUIPlugin
2023-11-15 13:24:10,925 [INFO] PluginManager:220 - loadIPPluginJar : add gpio
2023-11-15 13:24:11,034 [INFO] IPUIPlugin:80 - create IPUIPlugin
2023-11-15 13:24:11,034 [INFO] PluginManager:220 - loadIPPluginJar : add gtzc
2023-11-15 13:24:11,072 [INFO] IPUIPlugin:80 - create IPUIPlugin
2023-11-15 13:24:11,072 [INFO] PluginManager:220 - loadIPPluginJar : add hash
2023-11-15 13:24:11,134 [INFO] IPUIPlugin:80 - create IPUIPlugin
2023-11-15 13:24:11,134 [INFO] PluginManager:220 - loadIPPluginJar : add i2c
2023-11-15 13:24:11,182 [INFO] IPUIPlugin:80 - create IPUIPlugin
2023-11-15 13:24:11,182 [INFO] PluginManager:220 - loadIPPluginJar : add i2s
2023-11-15 13:24:11,230 [INFO] IPUIPlugin:80 - create IPUIPlugin
2023-11-15 13:24:11,230 [INFO] PluginManager:220 - loadIPPluginJar : add i3c
2023-11-15 13:24:11,358 [INFO] IPUIPlugin:80 - create IPUIPlugin
2023-11-15 13:24:11,359 [INFO] PluginManager:220 - loadIPPluginJar : add ipddr
2023-11-15 13:24:11,468 [INFO] IPUIPlugin:80 - create IPUIPlugin
2023-11-15 13:24:11,469 [INFO] PluginManager:220 - loadIPPluginJar : add linkedlist
2023-11-15 13:24:11,510 [INFO] IPUIPlugin:80 - create IPUIPlugin
2023-11-15 13:24:11,511 [INFO] PluginManager:220 - loadIPPluginJar : add lorawan
2023-11-15 13:24:11,559 [INFO] IPUIPlugin:80 - create IPUIPlugin
2023-11-15 13:24:11,559 [INFO] PluginManager:220 - loadIPPluginJar : add ltdc
2023-11-15 13:24:11,576 [INFO] IPUIPlugin:80 - create IPUIPlugin
2023-11-15 13:24:11,577 [INFO] PluginManager:220 - loadIPPluginJar : add mdma
2023-11-15 13:24:11,591 [INFO] IPUIPlugin:80 - create IPUIPlugin
2023-11-15 13:24:11,591 [INFO] PluginManager:220 - loadIPPluginJar : add nvic
2023-11-15 13:24:11,633 [INFO] IPUIPlugin:80 - create IPUIPlugin
2023-11-15 13:24:11,633 [INFO] PluginManager:220 - loadIPPluginJar : add opamp
2023-11-15 13:24:11,710 [INFO] IPUIPlugin:80 - create IPUIPlugin
2023-11-15 13:24:11,710 [INFO] PluginManager:220 - loadIPPluginJar : add openamp
2023-11-15 13:24:11,760 [INFO] IPUIPlugin:80 - create IPUIPlugin
2023-11-15 13:24:11,760 [INFO] PluginManager:220 - loadIPPluginJar : add pdm2pcm
2023-11-15 13:24:11,777 [INFO] IPUIPlugin:80 - create IPUIPlugin
2023-11-15 13:24:11,780 [INFO] PluginManager:220 - loadIPPluginJar : add plateformsettings
2023-11-15 13:24:11,807 [INFO] IPUIPlugin:80 - create IPUIPlugin
2023-11-15 13:24:11,807 [INFO] PluginManager:220 - loadIPPluginJar : add quadspi
2023-11-15 13:24:11,822 [INFO] IPUIPlugin:80 - create IPUIPlugin
2023-11-15 13:24:11,822 [INFO] PluginManager:220 - loadIPPluginJar : add resmgrutility
2023-11-15 13:24:11,884 [INFO] IPUIPlugin:80 - create IPUIPlugin
2023-11-15 13:24:11,884 [INFO] PluginManager:220 - loadIPPluginJar : add sai
2023-11-15 13:24:11,931 [INFO] IPUIPlugin:80 - create IPUIPlugin
2023-11-15 13:24:11,931 [INFO] PluginManager:220 - loadIPPluginJar : add spi
2023-11-15 13:24:12,005 [INFO] IPUIPlugin:80 - create IPUIPlugin
2023-11-15 13:24:12,005 [INFO] PluginManager:220 - loadIPPluginJar : add stm32_wpan
2023-11-15 13:24:12,033 [INFO] IPUIPlugin:80 - create IPUIPlugin
2023-11-15 13:24:12,033 [INFO] PluginManager:220 - loadIPPluginJar : add tim
2023-11-15 13:24:12,101 [INFO] IPUIPlugin:80 - create IPUIPlugin
2023-11-15 13:24:12,101 [INFO] PluginManager:220 - loadIPPluginJar : add touchsensing
2023-11-15 13:24:12,127 [INFO] IPUIPlugin:80 - create IPUIPlugin
2023-11-15 13:24:12,127 [INFO] PluginManager:220 - loadIPPluginJar : add tracer_emb
2023-11-15 13:24:12,155 [INFO] IPUIPlugin:80 - create IPUIPlugin
2023-11-15 13:24:12,155 [INFO] PluginManager:220 - loadIPPluginJar : add ts
2023-11-15 13:24:12,185 [INFO] IPUIPlugin:80 - create IPUIPlugin
2023-11-15 13:24:12,185 [INFO] PluginManager:220 - loadIPPluginJar : add tsc
2023-11-15 13:24:12,211 [INFO] IPUIPlugin:80 - create IPUIPlugin
2023-11-15 13:24:12,211 [INFO] PluginManager:220 - loadIPPluginJar : add ucpd
2023-11-15 13:24:12,265 [INFO] IPUIPlugin:80 - create IPUIPlugin
2023-11-15 13:24:12,265 [INFO] PluginManager:220 - loadIPPluginJar : add usart
2023-11-15 13:24:12,317 [INFO] IPUIPlugin:80 - create IPUIPlugin
2023-11-15 13:24:12,317 [INFO] PluginManager:220 - loadIPPluginJar : add usbx
2023-11-15 13:24:12,356 [INFO] ThirdPartyUpdaterWithRetryManager:70 - Updater plugin not ready yet. [2/15]
2023-11-15 13:24:12,457 [INFO] CADModel:165 - CPN selected for project level
2023-11-15 13:24:12,458 [INFO] CADModel:114 - Register for checkConnection events
2023-11-15 13:24:12,458 [FATAL] Updater:308 - Updater called before beeing initialized
2023-11-15 13:24:12,458 [ERROR] CADModel:125 - Updater not yet initialized, retry later 
2023-11-15 13:24:12,617 [INFO] CADModel:165 - CPN selected for project level
2023-11-15 13:24:12,618 [INFO] CADModel:114 - Register for checkConnection events
2023-11-15 13:24:12,618 [FATAL] Updater:308 - Updater called before beeing initialized
2023-11-15 13:24:12,618 [ERROR] CADModel:125 - Updater not yet initialized, retry later 
2023-11-15 13:24:12,623 [FATAL] Updater:308 - Updater called before beeing initialized
2023-11-15 13:24:12,766 [FATAL] Updater:308 - Updater called before beeing initialized
2023-11-15 13:24:12,782 [INFO] DbMcusAds:53 - JSON generation date=Tue Mar 07 09:50:54 CET 2023 (1678179054783)
2023-11-15 13:24:12,782 [FATAL] Updater:308 - Updater called before beeing initialized
2023-11-15 13:24:12,880 [WARN] DetailPanel:346 - Failed to get advertising image, set to default
2023-11-15 13:24:13,031 [FATAL] Updater:308 - Updater called before beeing initialized
2023-11-15 13:24:13,033 [FATAL] Updater:308 - Updater called before beeing initialized
2023-11-15 13:24:13,034 [FATAL] Updater:308 - Updater called before beeing initialized
2023-11-15 13:24:13,034 [WARN] DetailPanel:346 - Failed to get advertising image, set to default
2023-11-15 13:24:13,035 [FATAL] Updater:308 - Updater called before beeing initialized
2023-11-15 13:24:13,109 [ERROR] Updater:1120 - MainUpdater not yet initialized. External WinMGr cannot be set.
2023-11-15 13:24:13,123 [INFO] Updater:1056 - Updater Version found : 6.9.2
2023-11-15 13:24:13,148 [INFO] ApplicationProperties:184 - Using Application install path: C:\ST\STM32CubeIDE_1.13.2\STM32CubeIDE\plugins\com.st.stm32cube.common.mx_6.9.2.202309101412
2023-11-15 13:24:13,350 [INFO] MainUpdater:2868 - connection check result : 10
2023-11-15 13:24:13,351 [INFO] MainUpdater:3562 - Updater definition file requires update
2023-11-15 13:24:13,352 [INFO] MainUpdater:285 - Updater Check For Update Now.
2023-11-15 13:24:13,353 [INFO] MicroXplorer:498 - Change Database Version : DB.6.0.92
2023-11-15 13:24:13,379 [INFO] McuFinderGlobals:63 - Set McuFinder mode to 2 (CubeIDE integrated)
2023-11-15 13:24:13,401 [INFO] ServerAccessManage:473 - Download File updaters.zip
2023-11-15 13:24:13,527 [INFO] FileExtend:240 - Unzip File : updaters.zip
2023-11-15 13:24:13,527 [INFO] FileExtend:255 - Standard Zip Deflate
2023-11-15 13:24:14,114 [INFO] ServerAccessManage:473 - Download File PacksControlFlags.xml
2023-11-15 13:24:14,237 [INFO] ServerAccessManage:473 - Download File cubemx.pidx
2023-11-15 13:24:14,893 [INFO] ServerAccessManage:473 - Download File STMicroelectronics.FP-SNS-MOTENVWB1.pdsc
2023-11-15 13:24:15,357 [WARN] MainUpdater:1189 - Updater busy. Cannot search thirdparties
2023-11-15 13:24:15,358 [INFO] ThirdPartyUpdaterWithRetryManager:96 - Updater plugin is busy. [1/15]
2023-11-15 13:24:17,135 [ERROR] ServerAccessManage:1096 - Problem, Http access forbiden
2023-11-15 13:24:17,137 [ERROR] ServerAccessManage:651 - Problem, Http access forbiden : RoweBots.I-CUBE-UNISONRTOS.pdsc.
2023-11-15 13:24:17,533 [WARN] PackLoader:240 - Cannot read IP mode file for STMicroelectronics.FP-SNS-MOTENVWB1.1.3.0
2023-11-15 13:24:17,539 [INFO] PopulateThirdPartyThread:66 - Ending populate Thread
2023-11-15 13:24:17,545 [INFO] ThirdParty:1030 - CMSIS Pack Vendor :STMicroelectronics FP-SNS-MOTENVWB1 1.3.0
2023-11-15 13:24:17,546 [INFO] LoadServerUpdatesThread:373 - End of LoadServerUpdate Thread
2023-11-15 13:24:17,733 [INFO] CheckServerUpdateThread:120 - End of CheckServer Thread
2023-11-15 13:24:18,580 [WARN] PackLoader:240 - Cannot read IP mode file for STMicroelectronics.X-CUBE-SMBUS.2.1.0
2023-11-15 13:24:18,650 [WARN] PackLoader:240 - Cannot read IP mode file for STMicroelectronics.X-CUBE-AZRTOS-F7.1.1.0
2023-11-15 13:24:18,680 [WARN] PackLoader:240 - Cannot read IP mode file for STMicroelectronics.FP-SNS-MOTENV1.4.3.2
2023-11-15 13:24:18,695 [WARN] PackLoader:240 - Cannot read IP mode file for STMicroelectronics.FP-SNS-FLIGHT1.5.0.2
2023-11-15 13:24:18,727 [WARN] PackLoader:240 - Cannot read IP mode file for STMicroelectronics.X-CUBE-DISPLAY.3.0.0
2023-11-15 13:24:18,767 [WARN] PackLoader:240 - Cannot read IP mode file for STMicroelectronics.X-CUBE-BLE1.7.0.0
2023-11-15 13:24:18,792 [WARN] PackLoader:240 - Cannot read IP mode file for emotas.I-CUBE-CANOPEN.1.3.0
2023-11-15 13:24:18,817 [WARN] PackLoader:240 - Cannot read IP mode file for STMicroelectronics.X-CUBE-TOUCHGFX.4.22.1
2023-11-15 13:24:18,841 [WARN] PackLoader:240 - Cannot read IP mode file for STMicroelectronics.FP-SNS-SMARTAG2.1.2.0
2023-11-15 13:24:18,882 [INFO] LogOutputStream:77 - [STDOUT_REDIRECT] 1 : Invalid condition id : UX_CORESTACK_Condition cause : null
2023-11-15 13:24:18,884 [INFO] LogOutputStream:77 - [STDOUT_REDIRECT] 1 : Invalid condition id : UX_CORESTACK_Condition cause : null
2023-11-15 13:24:18,886 [INFO] LogOutputStream:77 - [STDOUT_REDIRECT] 1 : Invalid condition id : UX_CORESTACK_Condition cause : null
2023-11-15 13:24:18,889 [INFO] LogOutputStream:77 - [STDOUT_REDIRECT] 1 : Invalid condition id : UX_CORESTACK_Condition cause : null
2023-11-15 13:24:18,892 [INFO] LogOutputStream:77 - [STDOUT_REDIRECT] 1 : Invalid condition id : UX_CORESTACK_Condition cause : null
2023-11-15 13:24:18,903 [WARN] PackLoader:240 - Cannot read IP mode file for STMicroelectronics.X-CUBE-AZRTOS-WL.2.0.0
2023-11-15 13:24:18,934 [WARN] PackLoader:240 - Cannot read IP mode file for WES.I-CUBE-Cesium.1.3.0
2023-11-15 13:24:18,956 [WARN] PackLoader:240 - Cannot read IP mode file for STMicroelectronics.X-CUBE-BLE2.3.3.0
2023-11-15 13:24:18,980 [WARN] PackLoader:240 - Cannot read IP mode file for STMicroelectronics.X-CUBE-ALGOBUILD.1.3.0
2023-11-15 13:24:19,036 [WARN] PackLoader:240 - Cannot read IP mode file for STMicroelectronics.X-CUBE-AZRTOS-G0.1.1.0
2023-11-15 13:24:19,068 [WARN] PackLoader:240 - Cannot read IP mode file for STMicroelectronics.X-CUBE-NFC4.3.0.0
2023-11-15 13:24:19,108 [WARN] PackLoader:240 - Cannot read IP mode file for STMicroelectronics.X-CUBE-BLEMGR.3.0.0
2023-11-15 13:24:19,124 [WARN] PackLoader:240 - Cannot read IP mode file for STMicroelectronics.FP-ATR-SIGFOX1.3.2.0
2023-11-15 13:24:19,220 [WARN] PackLoader:240 - Cannot read IP mode file for SEGGER.I-CUBE-embOS.1.3.1
2023-11-15 13:24:19,327 [WARN] PackLoader:240 - Cannot read IP mode file for STMicroelectronics.X-CUBE-GNSS1.6.0.0
2023-11-15 13:24:19,382 [WARN] PackLoader:240 - Cannot read IP mode file for STMicroelectronics.X-CUBE-AZRTOS-F4.1.1.0
2023-11-15 13:24:19,409 [WARN] PackLoader:240 - Cannot read IP mode file for wolfSSL.I-CUBE-wolfSSL.5.6.3
2023-11-15 13:24:19,466 [WARN] PackLoader:240 - Cannot read IP mode file for STMicroelectronics.X-CUBE-AZRTOS-L5.2.0.0
2023-11-15 13:24:19,590 [WARN] PackLoader:240 - Cannot read IP mode file for STMicroelectronics.X-CUBE-MEMS1.9.6.0
2023-11-15 13:24:19,935 [WARN] PackLoader:240 - Cannot read IP mode file for STMicroelectronics.X-CUBE-EEPRMA1.4.2.0
2023-11-15 13:24:19,960 [WARN] PackLoader:240 - Cannot read IP mode file for ITTIA_DB.I-CUBE-ITTIADB.8.8.0
2023-11-15 13:24:19,993 [WARN] PackLoader:240 - Cannot read IP mode file for STMicroelectronics.X-CUBE-BLEMGR.2.0.0
2023-11-15 13:24:20,045 [WARN] ConditionMgr:438 - getConditionDescription Invalid condition id : UX DEVICE CLASS RTOS Condition cause : null
2023-11-15 13:24:20,045 [WARN] ConditionMgr:438 - getConditionDescription Invalid condition id : UX DEVICE CLASS RTOS Condition cause : null
2023-11-15 13:24:20,049 [WARN] PackLoader:240 - Cannot read IP mode file for STMicroelectronics.X-CUBE-AZRTOS-H7.3.1.0
2023-11-15 13:24:20,051 [WARN] ConditionMgr:1039 - genDependencies : Invalid condition id : UX DEVICE CLASS RTOS Condition cause : null
2023-11-15 13:24:20,051 [WARN] ConditionMgr:1039 - genDependencies : Invalid condition id : UX DEVICE CLASS RTOS Condition cause : null
2023-11-15 13:24:20,052 [WARN] ConditionMgr:1039 - genDependencies : Invalid condition id : UX DEVICE CLASS RTOS Condition cause : null
2023-11-15 13:24:20,054 [WARN] ConditionMgr:1039 - genDependencies : Invalid condition id : UX DEVICE CLASS RTOS Condition cause : null
2023-11-15 13:24:20,054 [WARN] ConditionMgr:1039 - genDependencies : Invalid condition id : UX DEVICE CLASS RTOS Condition cause : null
2023-11-15 13:24:20,077 [WARN] PackLoader:240 - Cannot read IP mode file for STMicroelectronics.X-CUBE-NFC7.1.0.1
2023-11-15 13:24:20,102 [WARN] PackLoader:240 - Cannot read IP mode file for STMicroelectronics.X-CUBE-NFC6.3.0.0
2023-11-15 13:24:20,124 [WARN] PackLoader:240 - Cannot read IP mode file for STMicroelectronics.X-CUBE-EEPRMA1.4.1.0
2023-11-15 13:24:20,142 [WARN] PackLoader:240 - Cannot read IP mode file for STMicroelectronics.X-CUBE-AI.8.1.0
2023-11-15 13:24:20,188 [WARN] ConditionMgr:438 - getConditionDescription Invalid condition id : LAN8742 Phy interface Condition cause : null
2023-11-15 13:24:20,189 [WARN] PackLoader:240 - Cannot read IP mode file for STMicroelectronics.X-CUBE-AZRTOS-L4.2.0.0
2023-11-15 13:24:20,191 [WARN] ConditionMgr:1039 - genDependencies : Invalid condition id : LAN8742 Phy interface Condition cause : null
2023-11-15 13:24:20,192 [WARN] ConditionMgr:1039 - genDependencies : Invalid condition id : LAN8742 Phy interface Condition cause : null
2023-11-15 13:24:20,193 [WARN] ConditionMgr:1039 - genDependencies : Invalid condition id : LAN8742 Phy interface Condition cause : null
2023-11-15 13:24:20,215 [WARN] PackLoader:240 - Cannot read IP mode file for STMicroelectronics.X-CUBE-SFXS2LP1.4.0.0
2023-11-15 13:24:20,245 [WARN] PackLoader:240 - Cannot read IP mode file for STMicroelectronics.X-CUBE-ISPU.1.1.0
2023-11-15 13:24:20,282 [WARN] ConditionMgr:438 - getConditionDescription Invalid condition id : UX DEVICE CLASS RTOS Condition cause : null
2023-11-15 13:24:20,282 [WARN] ConditionMgr:438 - getConditionDescription Invalid condition id : UX DEVICE CLASS RTOS Condition cause : null
2023-11-15 13:24:20,287 [WARN] PackLoader:240 - Cannot read IP mode file for STMicroelectronics.X-CUBE-AZRTOS-WB.2.0.0
2023-11-15 13:24:20,288 [WARN] ConditionMgr:1039 - genDependencies : Invalid condition id : UX DEVICE CLASS RTOS Condition cause : null
2023-11-15 13:24:20,289 [WARN] ConditionMgr:1039 - genDependencies : Invalid condition id : UX DEVICE CLASS RTOS Condition cause : null
2023-11-15 13:24:20,290 [WARN] ConditionMgr:1039 - genDependencies : Invalid condition id : UX DEVICE CLASS RTOS Condition cause : null
2023-11-15 13:24:20,291 [WARN] ConditionMgr:1039 - genDependencies : Invalid condition id : UX DEVICE CLASS RTOS Condition cause : null
2023-11-15 13:24:20,291 [WARN] ConditionMgr:1039 - genDependencies : Invalid condition id : UX DEVICE CLASS RTOS Condition cause : null
2023-11-15 13:24:20,323 [WARN] PackLoader:240 - Cannot read IP mode file for STMicroelectronics.X-CUBE-SUBG2.5.0.0
2023-11-15 13:24:20,359 [WARN] PackLoader:240 - Cannot read IP mode file for STMicroelectronics.X-CUBE-TOF1.3.3.1
2023-11-15 13:24:20,404 [WARN] PackLoader:240 - Cannot read IP mode file for STMicroelectronics.X-CUBE-AZRTOS-G4.2.0.0
2023-11-15 13:24:20,440 [WARN] PackLoader:240 - Cannot read IP mode file for Infineon.AIROC-Wi-Fi-Bluetooth-STM32.1.5.1
2023-11-15 13:24:20,453 [WARN] PackLoader:240 - Cannot read IP mode file for STMicroelectronics.FP-SNS-MOTENVWB1.1.3.0
2023-11-15 13:24:20,547 [WARN] PackLoader:240 - Cannot read IP mode file for STMicroelectronics.X-CUBE-MEMS1.10.0.0
2023-11-15 13:24:20,764 [WARN] PackLoader:240 - Cannot read IP mode file for STMicroelectronics.X-CUBE-FREERTOS.1.1.0
2023-11-15 13:24:20,791 [WARN] PackLoader:240 - Cannot read IP mode file for portGmbH.I-Cube-SoM-uGOAL.1.1.0
2023-11-15 13:24:20,812 [WARN] PackLoader:240 - Cannot read IP mode file for STMicroelectronics.X-CUBE-ALS.1.0.1
2023-11-15 13:24:20,821 [WARN] PackLoader:240 - Cannot read IP mode file for STMicroelectronics.FP-ATR-ASTRA1.2.0.0
2023-11-15 13:24:20,822 [INFO] ThirdParty:978 - Integrity check success = true
2023-11-15 13:24:20,823 [INFO] IntegrityCheckThread:100 - exiting critical section [integrity check]
2023-11-15 13:24:20,823 [INFO] IntegrityCheckThread:103 - End integrity checks thread
2023-11-15 13:24:35,648 [ERROR] LogOutputStream:75 - [STDERR_REDIRECT] SLF4J: Failed to load class "org.slf4j.impl.StaticLoggerBinder".
2023-11-15 13:24:35,649 [ERROR] LogOutputStream:75 - [STDERR_REDIRECT] SLF4J: Defaulting to no-operation (NOP) logger implementation
2023-11-15 13:24:35,652 [ERROR] LogOutputStream:75 - [STDERR_REDIRECT] SLF4J: See http://www.slf4j.org/codes.html#StaticLoggerBinder for further details.
2023-11-15 13:58:57,716 [INFO] McuFinderGlobals:63 - Set McuFinder mode to 2 (CubeIDE integrated)
2023-11-15 13:58:57,745 [INFO] MainUpdater:2868 - connection check result : 10
2023-11-15 13:58:57,752 [INFO] MainUpdater:2868 - connection check result : 10
2023-11-15 13:58:57,977 [INFO] MicroXplorer:468 - Change Database Path : 
2023-11-15 13:58:57,977 [INFO] MicroXplorer:498 - Change Database Version : DB.6.0.92
2023-11-15 13:58:57,981 [WARN] ThirdParty:871 - waiting for thirdparty lock release [close project]
2023-11-15 13:58:57,981 [INFO] ThirdParty:873 - entering critical section [close project]
2023-11-15 13:58:57,983 [INFO] ThirdParty:883 - exiting critical section [close project]
2023-11-15 13:58:57,986 [INFO] PinOutPanel:1499 - setPackage(No Configuration,No Configuration)
2023-11-15 13:58:58,002 [INFO] UtilMem:75 - Begin LoadConfig() Used Memory: 292311000 Bytes (848297984)
2023-11-15 13:58:58,006 [INFO] MicroXplorer:468 - Change Database Path : 
2023-11-15 13:58:58,006 [INFO] MicroXplorer:498 - Change Database Version : DB.6.0.92
2023-11-15 13:58:58,006 [INFO] OpenFileManager:308 - Change cursor
2023-11-15 13:58:58,070 [INFO] Mcu:1946 - Initializing MCU STM32F401R(D-E)Tx STM32F401RETx STM32F401RET6
2023-11-15 13:58:59,819 [INFO] Context:659 - Trying to add GPIOservice into a context  which must be forbidden
2023-11-15 13:59:00,699 [INFO] RtosManager:555 - Registered RTOS mode: class=CMSIS, group=RTOS, mode=CMSIS_V1, owner=FREERTOS
2023-11-15 13:59:00,700 [INFO] RtosManager:555 - Registered RTOS mode: class=CMSIS, group=RTOS2, mode=CMSIS_V2, owner=FREERTOS
2023-11-15 13:59:00,700 [INFO] RtosManager:555 - Registered RTOS mode: class=RTOS, group=Core, mode=CMSIS_V1, owner=FREERTOS
2023-11-15 13:59:00,700 [INFO] RtosManager:555 - Registered RTOS mode: class=RTOS, group=Core, mode=CMSIS_V2, owner=FREERTOS
2023-11-15 13:59:00,700 [WARN] ModelIntegratedComponent:184 - Missing modes for component STMicroelectronics:FreeRTOS:0.0.1:STMicroelectronics:RTOS:FreeRTOS:Core:::10.2.0:
2023-11-15 13:59:00,720 [WARN] ModelIntegratedComponent:63 - No mode defined for component null
2023-11-15 13:59:00,720 [WARN] ModelIntegratedComponent:63 - No mode defined for component null
2023-11-15 13:59:00,720 [WARN] ModelIntegratedComponent:63 - No mode defined for component null
2023-11-15 13:59:00,720 [WARN] ModelIntegratedComponent:63 - No mode defined for component null
2023-11-15 13:59:00,720 [WARN] ModelIntegratedComponent:63 - No mode defined for component null
2023-11-15 13:59:00,720 [WARN] ModelIntegratedComponent:63 - No mode defined for component null
2023-11-15 13:59:00,721 [WARN] ModelIntegratedComponent:63 - No mode defined for component null
2023-11-15 13:59:00,721 [WARN] ModelIntegratedComponent:63 - No mode defined for component null
2023-11-15 13:59:00,721 [WARN] ModelIntegratedComponent:63 - No mode defined for component null
2023-11-15 13:59:00,721 [WARN] ModelIntegratedComponent:63 - No mode defined for component null
2023-11-15 13:59:00,721 [WARN] ModelIntegratedComponent:63 - No mode defined for component null
2023-11-15 13:59:00,721 [WARN] ModelIntegratedComponent:63 - No mode defined for component null
2023-11-15 13:59:00,721 [WARN] ModelIntegratedComponent:63 - No mode defined for component null
2023-11-15 13:59:00,721 [WARN] ModelIntegratedComponent:63 - No mode defined for component null
2023-11-15 13:59:00,721 [WARN] ModelIntegratedComponent:63 - No mode defined for component null
2023-11-15 13:59:00,721 [WARN] ModelIntegratedComponent:63 - No mode defined for component null
2023-11-15 13:59:00,721 [WARN] ModelIntegratedComponent:63 - No mode defined for component null
2023-11-15 13:59:00,721 [WARN] ModelIntegratedComponent:63 - No mode defined for component null
2023-11-15 13:59:00,721 [WARN] ModelIntegratedComponent:63 - No mode defined for component null
2023-11-15 13:59:00,721 [WARN] ModelIntegratedComponent:63 - No mode defined for component null
2023-11-15 13:59:00,722 [WARN] ModelIntegratedComponent:63 - No mode defined for component null
2023-11-15 13:59:00,722 [WARN] ModelIntegratedComponent:63 - No mode defined for component null
2023-11-15 13:59:00,722 [WARN] ModelIntegratedComponent:63 - No mode defined for component null
2023-11-15 13:59:00,722 [WARN] ModelIntegratedComponent:63 - No mode defined for component null
2023-11-15 13:59:00,722 [WARN] ModelIntegratedComponent:63 - No mode defined for component null
2023-11-15 13:59:00,722 [WARN] ModelIntegratedComponent:63 - No mode defined for component null
2023-11-15 13:59:00,722 [WARN] ModelIntegratedComponent:63 - No mode defined for component null
2023-11-15 13:59:00,722 [WARN] ModelIntegratedComponent:63 - No mode defined for component null
2023-11-15 13:59:00,722 [WARN] ModelIntegratedComponent:63 - No mode defined for component null
2023-11-15 13:59:00,722 [WARN] ModelIntegratedComponent:63 - No mode defined for component null
2023-11-15 13:59:00,722 [WARN] ModelIntegratedComponent:63 - No mode defined for component null
2023-11-15 13:59:00,722 [WARN] ModelIntegratedComponent:63 - No mode defined for component null
2023-11-15 13:59:00,722 [WARN] ModelIntegratedComponent:63 - No mode defined for component null
2023-11-15 13:59:00,842 [INFO] ThirdPartyModel:298 - Start build external matchings
2023-11-15 13:59:04,386 [INFO] ThirdPartyModel:316 - End build external matchings
2023-11-15 13:59:04,435 [INFO] ImportTextPane:194 - (OptionalMessage_ERROR) IP (DMA) : Parameter (Instance) has Id (ADC1) currently not set
2023-11-15 13:59:04,436 [INFO] ImportTextPane:194 - (OptionalMessage_ERROR) IP (DMA) : Parameter (Channel) has Id (ADC1) currently not set
2023-11-15 13:59:04,436 [INFO] ImportTextPane:194 - (OptionalMessage_ERROR) IP (DMA) : Parameter (Direction) has Id (ADC1) currently not set
2023-11-15 13:59:04,436 [INFO] ImportTextPane:194 - (OptionalMessage_ERROR) IP (DMA) : Parameter (PeriphInc) has Id (ADC1) currently not set
2023-11-15 13:59:04,436 [INFO] ImportTextPane:194 - (OptionalMessage_ERROR) IP (DMA) : Parameter (MemInc) has Id (ADC1) currently not set
2023-11-15 13:59:04,437 [INFO] ImportTextPane:194 - (OptionalMessage_ERROR) IP (DMA) : Parameter (PeriphDataAlignment) has Id (ADC1) currently not set
2023-11-15 13:59:04,437 [INFO] ImportTextPane:194 - (OptionalMessage_ERROR) IP (DMA) : Parameter (MemDataAlignment) has Id (ADC1) currently not set
2023-11-15 13:59:04,437 [INFO] ImportTextPane:194 - (OptionalMessage_ERROR) IP (DMA) : Parameter (Mode) has Id (ADC1) currently not set
2023-11-15 13:59:04,437 [INFO] ImportTextPane:194 - (OptionalMessage_ERROR) IP (DMA) : Parameter (Priority) has Id (ADC1) currently not set
2023-11-15 13:59:04,438 [INFO] ImportTextPane:194 - (OptionalMessage_ERROR) IP (DMA) : Parameter (FIFOMode) has Id (ADC1) currently not set
2023-11-15 13:59:04,441 [INFO] ImportTextPane:194 - (OptionalMessage_ERROR) IP (RCC) : Parameter (RTCHSEDivFreq_Value) has invalid value (4000000)
2023-11-15 13:59:04,858 [INFO] UtilMem:75 - End LoadConfig() Used Memory: 542191304 Bytes (786432000)
2023-11-15 13:59:05,065 [INFO] ApiDb:581 - Connected to CubeFinder SQLite database (C:\Users\augus\.stmcufinder\plugins\mcufinder\mcu\cube-finder-db.db)
2023-11-15 13:59:05,150 [INFO] ApiDb:668 - CubeFinder database Data Model version=2.1
2023-11-15 13:59:05,150 [INFO] ApiDb:669 - CubeFinder database Configuration version=3.0.37
2023-11-15 13:59:05,153 [INFO] ApiDb:670 - CubeFinder database generation date=2023-08-09 (1691586011)
2023-11-15 13:59:05,153 [INFO] ApiDb:671 - CubeFinder database FW Pack versions=[FP-ATR-ASTRA1_V2.0.0, FP-SNS-FLIGHT1_V5.0.1, FP-SNS-FLIGHT1_V5.0.2, FP-SNS-MOTENV1_V4.3.1, FP-SNS-MOTENV1_V4.3.2, STM32Cube_FW_C0_V1.1.0, STM32Cube_FW_F4_V1.27.1, STM32Cube_FW_F7_V1.17.0, STM32Cube_FW_G0_V1.6.1, STM32Cube_FW_G4_V1.5.1, STM32Cube_FW_H5_V0.5.1, STM32Cube_FW_H5_V1.1.0, STM32Cube_FW_H7_V1.11.0, STM32Cube_FW_L0_V1.12.2, STM32Cube_FW_L5_V1.5.0, STM32Cube_FW_U5_V1.3.0, STM32Cube_FW_U5_V1.3.0RC4, STM32Cube_FW_WBA_V1.0.0RC1, STM32Cube_FW_WBA_V1.1.0, STM32Cube_FW_WBA_V1.1.0RC1, STM32Cube_FW_WB_V1.15.0RC1, STM32Cube_FW_WB_V1.16.0, STM32Cube_FW_WB_V1.16.0RC2, STM32Cube_FW_WB_V1.17.0, STM32Cube_FW_WL_V1.3.0, X-CUBE-ALGOBUILD_V1.3.0, X-CUBE-ALS_V1.0.1, X-CUBE-AZRTOS-F4_V1.1.0, X-CUBE-AZRTOS-F7_V1.1.0, X-CUBE-AZRTOS-G0_V1.1.0, X-CUBE-AZRTOS-G4_V2.0.0, X-CUBE-AZRTOS-H7_V3.1.0, X-CUBE-AZRTOS-L4_V1.0.0, X-CUBE-AZRTOS-L4_V2.0.0, X-CUBE-AZRTOS-L5_V1.1.0, X-CUBE-AZRTOS-WB_V1.1.0, X-CUBE-AZRTOS-WL_V2.0.0, X-CUBE-BLE1_V7.0.0, X-CUBE-BLE2_V3.3.0, X-CUBE-BLEMGR_V2.0.0, X-CUBE-EEPRMA1_V4.1.0, X-CUBE-FREERTOS_V1.1.0, X-CUBE-GNSS1_V6.0.0, X-CUBE-MEMS1_V9.1.0, X-CUBE-MEMS1_V9.4.0, X-CUBE-MEMS1_V9.6.0, X-CUBE-NFC4_V3.0.0, X-CUBE-NFC7_V1.0.0, X-CUBE-SFXS2LP1_V4.0.0, X-CUBE-SUBG2_V5.0.0, X-CUBE-TOF1_V3.3.1]
2023-11-15 13:59:07,678 [INFO] ApiDb:240 - Found 323 in-development CPN: [B-G473E-ZEST1S, B-WB1M-WPAN1, B-WL5M-SUBG1, NUCLEO-C031C6, NUCLEO-H503RB, NUCLEO-H563ZI, NUCLEO-U545RE-Q, NUCLEO-U5A5ZJ-Q, NUCLEO-WBA52CG, STEVAL-PROTEUS1, STEVAL-SMARTAG2, STEVAL-STWINBX1, STM320518-EVAL, STM32C0116-DK, STM32C011D6Y3TR, STM32C011D6Y6TR, STM32C011F4P3, STM32C011F4P6, STM32C011F4U3, STM32C011F4U6TR, STM32C011F6P3, STM32C011F6P6, STM32C011F6U3, STM32C011F6U6TR, STM32C011J4M3, STM32C011J4M6, STM32C011J6M3, STM32C011J6M6, STM32C0316-DK, STM32C031C4T3, STM32C031C4T6, STM32C031C4U3, STM32C031C4U6, STM32C031C6T3, STM32C031C6T6, STM32C031C6U3, STM32C031C6U6, STM32C031F4P3, STM32C031F4P6, STM32C031F6P3, STM32C031F6P6, STM32C031G4U3, STM32C031G4U6, STM32C031G6U3, STM32C031G6U6, STM32C031K4T3, STM32C031K4T6, STM32C031K4U3, STM32C031K4U6, STM32C031K6T3, STM32C031K6T6, STM32C031K6U3, STM32C031K6U6, STM32G071K8TXN, STM32G071K8UXN, STM32G081GBU6N, STM32G081KBT6N, STM32G081KBUXN, STM32G0B1CCT6N, STM32G0B1KCT6, STM32G0B1NEY6TR, STM32G0B1RCT6N, STM32G0C1CCT6, STM32G0C1CCT6N, STM32G0C1CCU6N, STM32G0C1CET6N, STM32G0C1CEU6N, STM32G0C1KCT6, STM32G0C1NEY6TR, STM32G0C1RCI6N, STM32G0C1RCT6N, STM32G0C1REI6N, STM32G0C1RET6N, STM32G0C1VCI6, STM32G0C1VEI6, STM32G471CCT6, STM32G471CCU6, STM32G471CET3, STM32G471CET6, STM32G471CEU3, STM32G471CEU6, STM32G471MCT6, STM32G471MET3, STM32G471MET6, STM32G471MEY6TR, STM32G471QCT6, STM32G471QET3, STM32G471RCT6, STM32G471RET3, STM32G471RET6, STM32G471VCH6, STM32G471VCI6, STM32G471VCT6, STM32G471VEH3, STM32G471VEH6, STM32G471VEI3, STM32G471VEI6, STM32G471VET3, STM32G471VET6, STM32G474CCT6, STM32H503CBT6, STM32H503CBU6, STM32H503EBY6TR, STM32H503KBU6, STM32H503RBT6, STM32H562AGI6, STM32H562AII6, STM32H562IGK6, STM32H562IGT6, STM32H562IIK6, STM32H562IIT6, STM32H562RGT6, STM32H562RGV6, STM32H562RIT6, STM32H562RIV6, STM32H562VGT6, STM32H562VIT6, STM32H562ZGT6, STM32H562ZIT6, STM32H563AGI6, STM32H563AII3Q, STM32H563AII6, STM32H563IGK6, STM32H563IGT6, STM32H563IIK3Q, STM32H563IIK6, STM32H563IIT3Q, STM32H563IIT6, STM32H563MIY3QTR, STM32H563RGT6, STM32H563RGV6, STM32H563RIT6, STM32H563RIV6, STM32H563VGT6, STM32H563VIT3Q, STM32H563VIT6, STM32H563ZGT6, STM32H563ZIT3Q, STM32H563ZIT6, STM32H573AII3Q, STM32H573AII6, STM32H573I-DK, STM32H573IIK3Q, STM32H573IIK6, STM32H573IIT3Q, STM32H573IIT6, STM32H573MIY3QTR, STM32H573RIT6, STM32H573RIV6, STM32H573VIT3Q, STM32H573VIT6, STM32H573ZIT3Q, STM32H573ZIT6, STM32L4R5QGI6STR, STM32MP131AAE3, STM32MP131AAF3, STM32MP131AAG3, STM32MP131CAE3, STM32MP131CAF3, STM32MP131CAG3, STM32MP131DAE7, STM32MP131DAF7, STM32MP131DAG7, STM32MP131FAE7, STM32MP131FAF7, STM32MP131FAG7, STM32MP133AAE3, STM32MP133AAF3, STM32MP133AAG3, STM32MP133CAE3, STM32MP133CAF3, STM32MP133CAG3, STM32MP133DAE7, STM32MP133DAF7, STM32MP133DAG7, STM32MP133FAE7, STM32MP133FAF7, STM32MP133FAG7, STM32MP135AAE3, STM32MP135AAF3, STM32MP135AAG3, STM32MP135CAE3, STM32MP135CAF3, STM32MP135CAG3, STM32MP135DAE7, STM32MP135DAF7, STM32MP135DAG7, STM32MP135F-DK, STM32MP135FAE7, STM32MP135FAF7, STM32MP135FAF7T, STM32MP135FAF7U, STM32MP135FAG7, STM32U535CBT6, STM32U535CBT6Q, STM32U535CBU6, STM32U535CBU6Q, STM32U535CCT6, STM32U535CCT6Q, STM32U535CCU6, STM32U535CCU6Q, STM32U535CET6, STM32U535CET6Q, STM32U535CEU6, STM32U535CEU6Q, STM32U535JEY6QTR, STM32U535NCY6QTR, STM32U535NEY6QTR, STM32U535RBI6, STM32U535RBI6Q, STM32U535RBT6, STM32U535RBT6Q, STM32U535RCI6, STM32U535RCI6Q, STM32U535RCT6, STM32U535RCT6Q, STM32U535REI6, STM32U535REI6Q, STM32U535RET6, STM32U535RET6Q, STM32U535VCI6, STM32U535VCI6Q, STM32U535VCT6, STM32U535VCT6Q, STM32U535VEI6, STM32U535VEI6Q, STM32U535VET6, STM32U535VET6Q, STM32U545CET6, STM32U545CET6Q, STM32U545CEU6, STM32U545CEU6Q, STM32U545JEY6QTR, STM32U545NEY6QTR, STM32U545REI6, STM32U545REI6Q, STM32U545RET6, STM32U545RET6Q, STM32U545VEI6, STM32U545VEI6Q, STM32U545VET6, STM32U545VET6Q, STM32U595AIH6, STM32U595AIH6Q, STM32U595AJH6, STM32U595AJH6Q, STM32U595QII6, STM32U595QII6Q, STM32U595QJI6, STM32U595QJI6Q, STM32U595RIT6, STM32U595RIT6Q, STM32U595RJT6, STM32U595RJT6Q, STM32U595VIT6, STM32U595VIT6Q, STM32U595VJT6, STM32U595VJT6Q, STM32U595ZIT6, STM32U595ZIT6Q, STM32U595ZIY6QTR, STM32U595ZJT6, STM32U595ZJT6Q, STM32U595ZJY6QTR, STM32U599BJY6QTR, STM32U599NIH6Q, STM32U599NJH6Q, STM32U599VIT6Q, STM32U599VJT6, STM32U599VJT6Q, STM32U599ZIT6Q, STM32U599ZIY6QTR, STM32U599ZJT6Q, STM32U599ZJY6QTR, STM32U5A5AJH6, STM32U5A5AJH6Q, STM32U5A5QJI6, STM32U5A5QJI6Q, STM32U5A5RJT6, STM32U5A5RJT6Q, STM32U5A5VJT6, STM32U5A5VJT6Q, STM32U5A5ZJT6, STM32U5A5ZJT6Q, STM32U5A5ZJY6QTR, STM32U5A9BJY6QTR, STM32U5A9J-DK, STM32U5A9NJH6Q, STM32U5A9VJT6Q, STM32U5A9ZJT6Q, STM32U5A9ZJY6QTR, STM32U5F7VIT6, STM32U5F7VIT6Q, STM32U5F7VJT6, STM32U5F7VJT6Q, STM32U5F9BJY6QTR, STM32U5F9NJH6Q, STM32U5F9VIT6Q, STM32U5F9VJT6Q, STM32U5F9ZIJ6QTR, STM32U5F9ZIT6Q, STM32U5F9ZJJ6QTR, STM32U5F9ZJT6Q, STM32U5G7VJT6, STM32U5G7VJT6Q, STM32U5G9BJY6QTR, STM32U5G9J-DK1, STM32U5G9J-DK2, STM32U5G9NJH6Q, STM32U5G9VJT6Q, STM32U5G9ZJJ6QTR, STM32U5G9ZJT6Q, STM32WB1MMCH6, STM32WBA52CEU6, STM32WBA52CEU6T, STM32WBA52CGU6, STM32WBA52CGU6T, STM32WBA52KEU6, STM32WBA52KEU6T, STM32WBA52KGU6, STM32WBA52KGU6T, STM32WL5MOCH6, STM32WL5MOCH6TR]
2023-11-15 13:59:07,683 [INFO] DbMcus:217 - Found 3848 MCUs, 3848 are supported
2023-11-15 13:59:07,690 [INFO] ApiDb:423 - Load user favorites file C:\Users\augus/.stm32cubeide/favorites.mcus.txt: 0 item(s)
2023-11-15 13:59:07,690 [INFO] ApiDb:427 - User favorites MCUs=[]
2023-11-15 13:59:07,690 [INFO] DbMcus:223 - Set 0 / 0 favorites MCUs
2023-11-15 13:59:08,235 [WARN] ThirdParty:833 - waiting for thirdparty lock release [change project]
2023-11-15 13:59:08,235 [INFO] ThirdParty:835 - entering critical section [change project]
2023-11-15 13:59:08,235 [INFO] ThirdParty:1030 - CMSIS Pack Vendor :STMicroelectronics X-CUBE-ISPU 1.1.0
2023-11-15 13:59:08,235 [INFO] ThirdParty:1030 - CMSIS Pack Vendor :STMicroelectronics USBPD 4.1
2023-11-15 13:59:08,236 [INFO] ThirdParty:1030 - CMSIS Pack Vendor :STMicroelectronics X-CUBE-GNSS1 6.0.0
2023-11-15 13:59:08,236 [INFO] ThirdParty:1030 - CMSIS Pack Vendor :STMicroelectronics USB_HOST 2.0.0
2023-11-15 13:59:08,236 [INFO] ThirdParty:1030 - CMSIS Pack Vendor :STMicroelectronics X-CUBE-AZRTOS-F4 1.1.0
2023-11-15 13:59:08,236 [INFO] ThirdParty:1030 - CMSIS Pack Vendor :STMicroelectronics LIBJPEG 8.0.0
2023-11-15 13:59:08,236 [INFO] ThirdParty:1030 - CMSIS Pack Vendor :wolfSSL I-CUBE-wolfSSL 5.6.3
2023-11-15 13:59:08,236 [INFO] ThirdParty:1030 - CMSIS Pack Vendor :STMicroelectronics X-CUBE-SMBUS 2.1.0
2023-11-15 13:59:08,236 [INFO] ThirdParty:1030 - CMSIS Pack Vendor :STMicroelectronics USB_DEVICE 3.0.0
2023-11-15 13:59:08,236 [INFO] ThirdParty:1030 - CMSIS Pack Vendor :STMicroelectronics X-CUBE-AZRTOS-WB 2.0.0
2023-11-15 13:59:08,236 [INFO] ThirdParty:1030 - CMSIS Pack Vendor :STMicroelectronics X-CUBE-AZRTOS-F7 1.1.0
2023-11-15 13:59:08,236 [INFO] ThirdParty:1030 - CMSIS Pack Vendor :STMicroelectronics X-CUBE-AZRTOS-L5 2.0.0
2023-11-15 13:59:08,236 [INFO] ThirdParty:1030 - CMSIS Pack Vendor :STMicroelectronics USB_DEVICE 2.0.0
2023-11-15 13:59:08,236 [INFO] ThirdParty:1030 - CMSIS Pack Vendor :STMicroelectronics X-CUBE-MEMS1 9.6.0
2023-11-15 13:59:08,236 [INFO] ThirdParty:1030 - CMSIS Pack Vendor :STMicroelectronics X-CUBE-EEPRMA1 4.2.0
2023-11-15 13:59:08,237 [INFO] ThirdParty:1030 - CMSIS Pack Vendor :ITTIA_DB I-CUBE-ITTIADB 8.8.0
2023-11-15 13:59:08,237 [INFO] ThirdParty:1030 - CMSIS Pack Vendor :STMicroelectronics FP-SNS-MOTENV1 4.3.2
2023-11-15 13:59:08,237 [INFO] ThirdParty:1030 - CMSIS Pack Vendor :STMicroelectronics X-CUBE-ALGOBUILD 1.3.0
2023-11-15 13:59:08,237 [INFO] ThirdParty:1030 - CMSIS Pack Vendor :STMicroelectronics FreeRTOS 0.0.1
2023-11-15 13:59:08,237 [INFO] ThirdParty:1030 - CMSIS Pack Vendor :STMicroelectronics X-CUBE-AZRTOS-G0 1.1.0
2023-11-15 13:59:08,237 [INFO] ThirdParty:1030 - CMSIS Pack Vendor :STMicroelectronics X-CUBE-BLEMGR 2.0.0
2023-11-15 13:59:08,237 [INFO] ThirdParty:1030 - CMSIS Pack Vendor :STMicroelectronics X-CUBE-NFC4 3.0.0
2023-11-15 13:59:08,237 [INFO] ThirdParty:1030 - CMSIS Pack Vendor :STMicroelectronics X-CUBE-SUBG2 5.0.0
2023-11-15 13:59:08,237 [INFO] ThirdParty:1030 - CMSIS Pack Vendor :STMicroelectronics STM32_WPAN 1.0.0
2023-11-15 13:59:08,237 [INFO] ThirdParty:1030 - CMSIS Pack Vendor :STMicroelectronics lwIP 2.0.3
2023-11-15 13:59:08,237 [INFO] ThirdParty:1030 - CMSIS Pack Vendor :STMicroelectronics FP-SNS-FLIGHT1 5.0.2
2023-11-15 13:59:08,237 [INFO] ThirdParty:1030 - CMSIS Pack Vendor :STMicroelectronics USB_HOST 1.0.0
2023-11-15 13:59:08,237 [INFO] ThirdParty:1030 - CMSIS Pack Vendor :STMicroelectronics X-CUBE-TOF1 3.3.1
2023-11-15 13:59:08,238 [INFO] ThirdParty:1030 - CMSIS Pack Vendor :STMicroelectronics X-CUBE-AZRTOS-G4 2.0.0
2023-11-15 13:59:08,238 [INFO] ThirdParty:1030 - CMSIS Pack Vendor :STMicroelectronics PDM2PCM 3.1.0
2023-11-15 13:59:08,238 [INFO] ThirdParty:1030 - CMSIS Pack Vendor :STMicroelectronics X-CUBE-AZRTOS-H7 3.1.0
2023-11-15 13:59:08,238 [INFO] ThirdParty:1030 - CMSIS Pack Vendor :Infineon AIROC-Wi-Fi-Bluetooth-STM32 1.5.1
2023-11-15 13:59:08,238 [INFO] ThirdParty:1030 - CMSIS Pack Vendor :STMicroelectronics X-CUBE-BLEMGR 3.0.0
2023-11-15 13:59:08,238 [INFO] ThirdParty:1030 - CMSIS Pack Vendor :STMicroelectronics PDM2PCM 3.3.0
2023-11-15 13:59:08,238 [INFO] ThirdParty:1030 - CMSIS Pack Vendor :STMicroelectronics X-CUBE-DISPLAY 3.0.0
2023-11-15 13:59:08,238 [INFO] ThirdParty:1030 - CMSIS Pack Vendor :STMicroelectronics FP-SNS-MOTENVWB1 1.3.0
2023-11-15 13:59:08,238 [INFO] ThirdParty:1030 - CMSIS Pack Vendor :STMicroelectronics X-CUBE-BLE1 7.0.0
2023-11-15 13:59:08,238 [INFO] ThirdParty:1030 - CMSIS Pack Vendor :STMicroelectronics FP-ATR-SIGFOX1 3.2.0
2023-11-15 13:59:08,238 [INFO] ThirdParty:1030 - CMSIS Pack Vendor :STMicroelectronics HAL Drivers 0.0.0
2023-11-15 13:59:08,238 [INFO] ThirdParty:1030 - CMSIS Pack Vendor :STMicroelectronics MBEDTLS 2.16.2
2023-11-15 13:59:08,238 [INFO] ThirdParty:1030 - CMSIS Pack Vendor :emotas I-CUBE-CANOPEN 1.3.0
2023-11-15 13:59:08,239 [INFO] ThirdParty:1030 - CMSIS Pack Vendor :STMicroelectronics X-CUBE-MEMS1 10.0.0
2023-11-15 13:59:08,239 [INFO] ThirdParty:1030 - CMSIS Pack Vendor :STMicroelectronics X-CUBE-FREERTOS 1.1.0
2023-11-15 13:59:08,239 [INFO] ThirdParty:1030 - CMSIS Pack Vendor :STMicroelectronics X-CUBE-NFC7 1.0.1
2023-11-15 13:59:08,239 [INFO] ThirdParty:1030 - CMSIS Pack Vendor :STMicroelectronics MBEDTLS 2.14.1
2023-11-15 13:59:08,239 [INFO] ThirdParty:1030 - CMSIS Pack Vendor :STMicroelectronics X-CUBE-TOUCHGFX 4.22.1
2023-11-15 13:59:08,239 [INFO] ThirdParty:1030 - CMSIS Pack Vendor :STMicroelectronics X-CUBE-NFC6 3.0.0
2023-11-15 13:59:08,239 [INFO] ThirdParty:1030 - CMSIS Pack Vendor :STMicroelectronics X-CUBE-EEPRMA1 4.1.0
2023-11-15 13:59:08,239 [INFO] ThirdParty:1030 - CMSIS Pack Vendor :portGmbH I-Cube-SoM-uGOAL 1.1.0
2023-11-15 13:59:08,239 [INFO] ThirdParty:1030 - CMSIS Pack Vendor :STMicroelectronics X-CUBE-ALS 1.0.1
2023-11-15 13:59:08,239 [INFO] ThirdParty:1030 - CMSIS Pack Vendor :STMicroelectronics ThreadX 1.0.0
2023-11-15 13:59:08,239 [INFO] ThirdParty:1030 - CMSIS Pack Vendor :STMicroelectronics FP-SNS-SMARTAG2 1.2.0
2023-11-15 13:59:08,239 [INFO] ThirdParty:1030 - CMSIS Pack Vendor :STMicroelectronics X-CUBE-AZRTOS-WL 2.0.0
2023-11-15 13:59:08,239 [INFO] ThirdParty:1030 - CMSIS Pack Vendor :SEGGER I-CUBE-embOS 1.3.1
2023-11-15 13:59:08,240 [INFO] ThirdParty:1030 - CMSIS Pack Vendor :STMicroelectronics USB_DEVICE 1.0.0
2023-11-15 13:59:08,240 [INFO] ThirdParty:1030 - CMSIS Pack Vendor :STMicroelectronics X-CUBE-AI 8.1.0
2023-11-15 13:59:08,240 [INFO] ThirdParty:1030 - CMSIS Pack Vendor :STMicroelectronics X-CUBE-AZRTOS-L4 2.0.0
2023-11-15 13:59:08,240 [INFO] ThirdParty:1030 - CMSIS Pack Vendor :STMicroelectronics ThreadX 0.0.2
2023-11-15 13:59:08,240 [INFO] ThirdParty:1030 - CMSIS Pack Vendor :WES I-CUBE-Cesium 1.3.0
2023-11-15 13:59:08,240 [INFO] ThirdParty:1030 - CMSIS Pack Vendor :STMicroelectronics FP-ATR-ASTRA1 2.0.0
2023-11-15 13:59:08,240 [INFO] ThirdParty:1030 - CMSIS Pack Vendor :STMicroelectronics lwIP 2.1.2
2023-11-15 13:59:08,240 [INFO] ThirdParty:1030 - CMSIS Pack Vendor :STMicroelectronics X-CUBE-SFXS2LP1 4.0.0
2023-11-15 13:59:08,240 [INFO] ThirdParty:1030 - CMSIS Pack Vendor :STMicroelectronics X-CUBE-BLE2 3.3.0
2023-11-15 13:59:08,240 [INFO] ThirdParty:1030 - CMSIS Pack Vendor :STMicroelectronics PDM2PCM 3.2.0
2023-11-15 13:59:08,241 [INFO] ThirdParty:841 - exiting critical section [change project]
2023-11-15 13:59:08,984 [INFO] PinOutPanel:1499 - setPackage(No Configuration,No Configuration)
2023-11-15 13:59:08,988 [INFO] PinOutPanel:1499 - setPackage(STM32F401RETx,LQFP64)
2023-11-15 13:59:10,013 [INFO] UtilMem:75 - Before build in PCC Used Memory: 297588224 Bytes (786432000)
2023-11-15 13:59:11,539 [INFO] UtilMem:75 - After build in PCC Used Memory: 375182800 Bytes (786432000)
2023-11-15 13:59:11,596 [INFO] IPUIPlugin:80 - create IPUIPlugin
2023-11-15 13:59:11,597 [INFO] IPUIPlugin:80 - create IPUIPlugin
2023-11-15 13:59:11,597 [INFO] IPUIPlugin:80 - create IPUIPlugin
2023-11-15 13:59:11,598 [INFO] IPUIPlugin:80 - create IPUIPlugin
2023-11-15 13:59:11,598 [INFO] IPUIPlugin:80 - create IPUIPlugin
2023-11-15 13:59:11,598 [INFO] IPUIPlugin:80 - create IPUIPlugin
2023-11-15 13:59:11,598 [INFO] IPUIPlugin:80 - create IPUIPlugin
2023-11-15 13:59:11,599 [INFO] IPUIPlugin:80 - create IPUIPlugin
2023-11-15 13:59:11,599 [INFO] IPUIPlugin:80 - create IPUIPlugin
2023-11-15 13:59:11,599 [INFO] IPUIPlugin:80 - create IPUIPlugin
2023-11-15 13:59:11,600 [INFO] IPUIPlugin:80 - create IPUIPlugin
2023-11-15 13:59:11,600 [INFO] IPUIPlugin:80 - create IPUIPlugin
2023-11-15 13:59:11,601 [INFO] IPUIPlugin:80 - create IPUIPlugin
2023-11-15 13:59:11,601 [INFO] IPUIPlugin:80 - create IPUIPlugin
2023-11-15 13:59:11,602 [INFO] IPUIPlugin:80 - create IPUIPlugin
2023-11-15 13:59:11,602 [INFO] IPUIPlugin:80 - create IPUIPlugin
2023-11-15 13:59:11,602 [INFO] IPUIPlugin:80 - create IPUIPlugin
2023-11-15 13:59:11,603 [INFO] IPUIPlugin:80 - create IPUIPlugin
2023-11-15 13:59:11,603 [INFO] IPUIPlugin:80 - create IPUIPlugin
2023-11-15 13:59:11,604 [INFO] IPUIPlugin:80 - create IPUIPlugin
2023-11-15 13:59:11,604 [INFO] IPUIPlugin:80 - create IPUIPlugin
2023-11-15 13:59:11,605 [INFO] IPUIPlugin:80 - create IPUIPlugin
2023-11-15 13:59:11,605 [INFO] IPUIPlugin:80 - create IPUIPlugin
2023-11-15 13:59:11,605 [INFO] IPUIPlugin:80 - create IPUIPlugin
2023-11-15 13:59:11,606 [INFO] IPUIPlugin:80 - create IPUIPlugin
2023-11-15 13:59:11,606 [INFO] IPUIPlugin:80 - create IPUIPlugin
2023-11-15 13:59:11,607 [INFO] IPUIPlugin:80 - create IPUIPlugin
2023-11-15 13:59:11,607 [INFO] IPUIPlugin:80 - create IPUIPlugin
2023-11-15 13:59:11,608 [INFO] IPUIPlugin:80 - create IPUIPlugin
2023-11-15 13:59:11,608 [INFO] IPUIPlugin:80 - create IPUIPlugin
2023-11-15 13:59:11,608 [INFO] IPUIPlugin:80 - create IPUIPlugin
2023-11-15 13:59:11,609 [INFO] IPUIPlugin:80 - create IPUIPlugin
2023-11-15 13:59:11,610 [INFO] IPUIPlugin:80 - create IPUIPlugin
2023-11-15 13:59:11,610 [INFO] IPUIPlugin:80 - create IPUIPlugin
2023-11-15 13:59:11,611 [INFO] IPUIPlugin:80 - create IPUIPlugin
2023-11-15 13:59:11,612 [INFO] IPUIPlugin:80 - create IPUIPlugin
2023-11-15 13:59:11,613 [INFO] IPUIPlugin:80 - create IPUIPlugin
2023-11-15 13:59:11,613 [INFO] IPUIPlugin:80 - create IPUIPlugin
2023-11-15 13:59:11,810 [INFO] ApiDbMcu:507 - Load IP Config File for PDM2PCM
2023-11-15 13:59:12,276 [INFO] CADModel:165 - CPN selected for project levelSTM32F401RET6
2023-11-15 13:59:12,276 [INFO] CADModel:114 - Register for checkConnection events
2023-11-15 13:59:12,349 [INFO] OpenFileManager:328 - Restore cursor
2023-11-15 14:05:11,451 [INFO] NvicIntPanel:101 - NVIC parent = com.st.microxplorer.plugins.ip.nvic.MultiNvicIntPanel[,0,0,490x353,layout=javax.swing.BoxLayout,alignmentX=0.0,alignmentY=0.0,border=,flags=9,maximumSize=,minimumSize=,preferredSize=]
2023-11-15 14:08:54,092 [WARN] IP:2114 - ClearInputPolarity not found: check if there is a RefParameter without a condition.
2023-11-15 14:08:54,092 [WARN] IP:2114 - ClearInputPrescaler not found: check if there is a RefParameter without a condition.
2023-11-15 14:08:54,092 [WARN] IP:2114 - ClearInputFilter not found: check if there is a RefParameter without a condition.
2023-11-15 14:08:54,123 [WARN] IP:2114 - ClearInputPolarity not found: check if there is a RefParameter without a condition.
2023-11-15 14:08:54,123 [WARN] IP:2114 - ClearInputPrescaler not found: check if there is a RefParameter without a condition.
2023-11-15 14:08:54,123 [WARN] IP:2114 - ClearInputFilter not found: check if there is a RefParameter without a condition.
2023-11-15 14:08:54,128 [WARN] IP:2114 - ClearInputPolarity not found: check if there is a RefParameter without a condition.
2023-11-15 14:08:54,128 [WARN] IP:2114 - ClearInputPrescaler not found: check if there is a RefParameter without a condition.
2023-11-15 14:08:54,128 [WARN] IP:2114 - ClearInputFilter not found: check if there is a RefParameter without a condition.
2023-11-15 14:08:54,230 [WARN] IP:2114 - ClearInputPolarity not found: check if there is a RefParameter without a condition.
2023-11-15 14:08:54,230 [WARN] IP:2114 - ClearInputPrescaler not found: check if there is a RefParameter without a condition.
2023-11-15 14:08:54,230 [WARN] IP:2114 - ClearInputFilter not found: check if there is a RefParameter without a condition.
2023-11-15 14:08:54,235 [WARN] IP:2114 - ClearInputPolarity not found: check if there is a RefParameter without a condition.
2023-11-15 14:08:54,235 [WARN] IP:2114 - ClearInputPrescaler not found: check if there is a RefParameter without a condition.
2023-11-15 14:08:54,235 [WARN] IP:2114 - ClearInputFilter not found: check if there is a RefParameter without a condition.
2023-11-15 14:09:26,735 [WARN] IP:2114 - ClearInputPolarity not found: check if there is a RefParameter without a condition.
2023-11-15 14:09:26,735 [WARN] IP:2114 - ClearInputPrescaler not found: check if there is a RefParameter without a condition.
2023-11-15 14:09:26,735 [WARN] IP:2114 - ClearInputFilter not found: check if there is a RefParameter without a condition.
2023-11-15 14:10:24,744 [INFO] NvicIntPanel:101 - NVIC parent = com.st.microxplorer.plugins.ip.nvic.MultiNvicIntPanel[,0,0,0x0,invalid,layout=javax.swing.BoxLayout,alignmentX=0.0,alignmentY=0.0,border=,flags=9,maximumSize=,minimumSize=,preferredSize=]
2023-11-15 14:10:33,479 [WARN] IP:2114 - ClearInputPolarity not found: check if there is a RefParameter without a condition.
2023-11-15 14:10:33,479 [WARN] IP:2114 - ClearInputPrescaler not found: check if there is a RefParameter without a condition.
2023-11-15 14:10:33,480 [WARN] IP:2114 - ClearInputFilter not found: check if there is a RefParameter without a condition.
2023-11-15 14:10:45,913 [INFO] NvicIntPanel:101 - NVIC parent = com.st.microxplorer.plugins.ip.nvic.MultiNvicIntPanel[,0,0,0x0,invalid,layout=javax.swing.BoxLayout,alignmentX=0.0,alignmentY=0.0,border=,flags=9,maximumSize=,minimumSize=,preferredSize=]
2023-11-15 14:10:54,876 [WARN] IP:2114 - ClearInputPolarity not found: check if there is a RefParameter without a condition.
2023-11-15 14:10:54,877 [WARN] IP:2114 - ClearInputPrescaler not found: check if there is a RefParameter without a condition.
2023-11-15 14:10:54,877 [WARN] IP:2114 - ClearInputFilter not found: check if there is a RefParameter without a condition.
2023-11-15 14:12:06,202 [INFO] NvicIntPanel:101 - NVIC parent = com.st.microxplorer.plugins.ip.nvic.MultiNvicIntPanel[,0,0,0x0,invalid,layout=javax.swing.BoxLayout,alignmentX=0.0,alignmentY=0.0,border=,flags=9,maximumSize=,minimumSize=,preferredSize=]
2023-11-15 14:12:18,503 [INFO] UtilMem:75 - End SaveConfig() Used Memory: 359330640 Bytes (584056832)
2023-11-15 14:12:21,707 [INFO] UtilMem:75 - End SaveConfig() Used Memory: 410445216 Bytes (584056832)
2023-11-15 14:12:22,956 [INFO] UtilMem:75 - End SaveConfig() Used Memory: 497474344 Bytes (584056832)
2023-11-15 14:12:23,664 [INFO] BlockDiagram:2759 - set Specific Code input for plugin: NVIC
2023-11-15 14:12:23,664 [INFO] BlockDiagram:2759 - set Specific Code input for plugin: USART
2023-11-15 14:12:23,665 [INFO] BlockDiagram:2759 - set Specific Code input for plugin: DMA
2023-11-15 14:12:23,665 [INFO] BlockDiagram:2759 - set Specific Code input for plugin: TIM1_8
2023-11-15 14:12:23,665 [INFO] BlockDiagram:2759 - set Specific Code input for plugin: TIM1_8
2023-11-15 14:12:23,665 [INFO] BlockDiagram:2759 - set Specific Code input for plugin: SYS
2023-11-15 14:12:23,666 [INFO] BlockDiagram:2759 - set Specific Code input for plugin: GPIO
2023-11-15 14:12:23,666 [INFO] BlockDiagram:2759 - set Specific Code input for plugin: ADC
2023-11-15 14:12:23,666 [INFO] BlockDiagram:2759 - set Specific Code input for plugin: RCC
2023-11-15 14:12:23,668 [INFO] CodeGenerator:799 - code generatio: config db path: C:\ST\STM32CubeIDE_1.13.2\STM32CubeIDE\plugins\com.st.stm32cube.common.mx_6.9.2.202309101412\\db\
2023-11-15 14:12:24,088 [INFO] CodeEngine:255 - oldGeneratedFile, C:\Users\augus\STM32CubeIDE\workspace_1.13.2\Labo4\MXTmpFiles\license.tmp_save
2023-11-15 14:12:24,639 [INFO] CodeEngine:279 - Generated code: C:\Users\augus\STM32CubeIDE\workspace_1.13.2\Labo4\MXTmpFiles\license.tmp
2023-11-15 14:12:24,776 [INFO] CodeEngine:255 - oldGeneratedFile, C:\Users\augus\STM32CubeIDE\workspace_1.13.2\Labo4\MXTmpFiles\gpio.tmp_save
2023-11-15 14:12:25,022 [INFO] CodeEngine:279 - Generated code: C:\Users\augus\STM32CubeIDE\workspace_1.13.2\Labo4\MXTmpFiles\gpio.tmp
2023-11-15 14:12:25,715 [INFO] CodeEngine:255 - oldGeneratedFile, C:\Users\augus\STM32CubeIDE\workspace_1.13.2\Labo4\MXTmpFiles\dma.tmp_save
2023-11-15 14:12:25,874 [INFO] CodeEngine:279 - Generated code: C:\Users\augus\STM32CubeIDE\workspace_1.13.2\Labo4\MXTmpFiles\dma.tmp
2023-11-15 14:12:25,887 [INFO] CodeEngine:255 - oldGeneratedFile, C:\Users\augus\STM32CubeIDE\workspace_1.13.2\Labo4\MXTmpFiles\dma_GV.tmp_save
2023-11-15 14:12:25,999 [INFO] CodeEngine:279 - Generated code: C:\Users\augus\STM32CubeIDE\workspace_1.13.2\Labo4\MXTmpFiles\dma_GV.tmp
2023-11-15 14:12:26,050 [INFO] CodeEngine:255 - oldGeneratedFile, C:\Users\augus\STM32CubeIDE\workspace_1.13.2\Labo4\Core\Src\stm32f4xx_it.c_save
2023-11-15 14:12:26,249 [INFO] CodeEngine:279 - Generated code: C:\Users\augus\STM32CubeIDE\workspace_1.13.2\Labo4\Core\Src\stm32f4xx_it.c
2023-11-15 14:12:26,294 [INFO] CodeEngine:255 - oldGeneratedFile, C:\Users\augus\STM32CubeIDE\workspace_1.13.2\Labo4\Core\Inc\stm32f4xx_it.h_save
2023-11-15 14:12:26,415 [INFO] CodeEngine:279 - Generated code: C:\Users\augus\STM32CubeIDE\workspace_1.13.2\Labo4\Core\Inc\stm32f4xx_it.h
2023-11-15 14:12:26,463 [INFO] CodeEngine:255 - oldGeneratedFile, C:\Users\augus\STM32CubeIDE\workspace_1.13.2\Labo4\Core\Src\stm32f4xx_hal_msp.c_save
2023-11-15 14:12:27,928 [INFO] CodeEngine:279 - Generated code: C:\Users\augus\STM32CubeIDE\workspace_1.13.2\Labo4\Core\Src\stm32f4xx_hal_msp.c
2023-11-15 14:12:28,109 [INFO] CodeEngine:255 - oldGeneratedFile, C:\Users\augus\STM32CubeIDE\workspace_1.13.2\Labo4\MXTmpFiles\system.tmp_save
2023-11-15 14:12:28,931 [INFO] CodeEngine:279 - Generated code: C:\Users\augus\STM32CubeIDE\workspace_1.13.2\Labo4\MXTmpFiles\system.tmp
2023-11-15 14:12:29,224 [INFO] CodeEngine:311 - oldGeneratedFile, C:\Users\augus\STM32CubeIDE\workspace_1.13.2\Labo4\Core\Inc\stm32f4xx_hal_conf.h_save
2023-11-15 14:12:29,797 [INFO] CodeEngine:335 - Generated code: C:\Users\augus\STM32CubeIDE\workspace_1.13.2\Labo4\Core\Inc\stm32f4xx_hal_conf.h
2023-11-15 14:12:29,897 [WARN] IPConfigManager:3431 - IP not found : TIM
2023-11-15 14:12:29,900 [WARN] CodeGenerator:3764 - IP not found : null
2023-11-15 14:12:29,944 [INFO] CodeEngine:255 - oldGeneratedFile, C:\Users\augus\STM32CubeIDE\workspace_1.13.2\Labo4\Core\Inc\main.h_save
2023-11-15 14:12:30,191 [INFO] CodeEngine:279 - Generated code: C:\Users\augus\STM32CubeIDE\workspace_1.13.2\Labo4\Core\Inc\main.h
2023-11-15 14:12:30,236 [INFO] CodeEngine:255 - oldGeneratedFile, C:\Users\augus\STM32CubeIDE\workspace_1.13.2\Labo4\Core\Src\main.c_save
2023-11-15 14:12:30,642 [INFO] CodeEngine:279 - Generated code: C:\Users\augus\STM32CubeIDE\workspace_1.13.2\Labo4\Core\Src\main.c
2023-11-15 14:12:31,695 [INFO] ProjectBuilder:3064 - Time for Copy HAL[1] : 257mS.
2023-11-15 14:12:31,705 [INFO] ProjectBuilder:4404 - Project Generator version: 4.1.0
2023-11-15 14:12:32,192 [INFO] ConfigFileManager:1457 - The Die is : DIE433
2023-11-15 14:12:32,241 [INFO] ApiDbMcu:507 - Load IP Config File for FATFS
2023-11-15 14:12:32,352 [INFO] ApiDbMcu:507 - Load IP Config File for FREERTOS
2023-11-15 14:12:32,381 [INFO] ApiDbMcu:507 - Load IP Config File for LIBJPEG
2023-11-15 14:12:32,498 [INFO] ApiDbMcu:507 - Load IP Config File for MBEDTLS
2023-11-15 14:12:32,684 [INFO] ApiDbMcu:507 - Load IP Config File for USB_DEVICE
2023-11-15 14:12:32,740 [INFO] ApiDbMcu:507 - Load IP Config File for USB_HOST
2023-11-15 14:12:34,789 [INFO] LogOutputStream:77 - [STDOUT_REDIRECT] 
2023-11-15 14:12:39,588 [INFO] ProjectBuilder:4626 - Time for Generating toolchain IDE Files: 7880mS.
2023-11-15 14:12:39,591 [INFO] ProjectBuilder:2935 - Time for Copy CMSIS : 2mS.
2023-11-15 14:12:39,600 [INFO] ProjectBuilder:2935 - Time for Copy CMSIS : 0mS.
2023-11-15 16:03:10,228 [ERROR] ConfigurationRetriever:142 - IOException on connection: Connect timed out
